app/build/intermediates/manifest_merge_blame_file/debug/processDebugMainManifest/manifest-merger-blame-debug-report.txt
1<?xml version="1.0" encoding="utf-8"?>
2<manifest xmlns:android="http://schemas.android.com/apk/res/android"
3    package="com.example.verseflow"
4    android:versionCode="1"
5    android:versionName="1.0" >
6
7    <uses-sdk
7-->INJECTED
8        android:minSdkVersion="24"
8-->INJECTED
9        android:targetSdkVersion="36" />
9-->INJECTED
10
11    <uses-permission android:name="android.permission.READ_MEDIA_AUDIO" />
11-->src/main/AndroidManifest.xml:5:5-75
11-->src/main/AndroidManifest.xml:5:22-72
12    <uses-permission android:name="android.permission.INTERNET" />
12-->src/main/AndroidManifest.xml:6:5-67
12-->src/main/AndroidManifest.xml:6:22-64
13    <uses-permission android:name="android.permission.FOREGROUND_SERVICE" />
13-->src/main/AndroidManifest.xml:7:5-77
13-->src/main/AndroidManifest.xml:7:22-74
14    <uses-permission android:name="android.permission.FOREGROUND_SERVICE_MEDIA_PLAYBACK" />
14-->src/main/AndroidManifest.xml:8:5-92
14-->src/main/AndroidManifest.xml:8:22-89
15    <uses-permission android:name="androidx.car.app.MEDIA_TEMPLATES" />
15-->src/main/AndroidManifest.xml:9:5-72
15-->src/main/AndroidManifest.xml:9:22-69
16    <uses-permission
16-->src/main/AndroidManifest.xml:10:5-12:38
17        android:name="android.permission.READ_EXTERNAL_STORAGE"
17-->src/main/AndroidManifest.xml:11:9-64
18        android:maxSdkVersion="32" />
18-->src/main/AndroidManifest.xml:12:9-35
19
20    <queries>
20-->[androidx.car.app:app:1.7.0] AndroidManifest.xml:23:5-28:15
21        <provider
21-->[androidx.car.app:app:1.7.0] AndroidManifest.xml:24:9-27:43
22            android:name="androidx.car.app.connection.provider"
22-->[androidx.car.app:app:1.7.0] AndroidManifest.xml:25:13-64
23            android:authorities="androidx.car.app.connection" />
23-->[androidx.car.app:app:1.7.0] AndroidManifest.xml:26:13-62
24    </queries>
25
26    <uses-permission android:name="android.permission.ACCESS_NETWORK_STATE" />
26-->[androidx.media3:media3-common:1.8.0] AndroidManifest.xml:22:5-79
26-->[androidx.media3:media3-common:1.8.0] AndroidManifest.xml:22:22-76
27
28    <permission
28-->[androidx.core:core:1.17.0] AndroidManifest.xml:22:5-24:47
29        android:name="com.example.verseflow.DYNAMIC_RECEIVER_NOT_EXPORTED_PERMISSION"
29-->[androidx.core:core:1.17.0] AndroidManifest.xml:23:9-81
30        android:protectionLevel="signature" />
30-->[androidx.core:core:1.17.0] AndroidManifest.xml:24:9-44
31
32    <uses-permission android:name="com.example.verseflow.DYNAMIC_RECEIVER_NOT_EXPORTED_PERMISSION" />
32-->[androidx.core:core:1.17.0] AndroidManifest.xml:26:5-97
32-->[androidx.core:core:1.17.0] AndroidManifest.xml:26:22-94
33
34    <application
34-->src/main/AndroidManifest.xml:14:5-60:19
35        android:allowBackup="true"
35-->src/main/AndroidManifest.xml:15:9-35
36        android:appComponentFactory="androidx.core.app.CoreComponentFactory"
36-->[androidx.core:core:1.17.0] AndroidManifest.xml:28:18-86
37        android:dataExtractionRules="@xml/data_extraction_rules"
37-->src/main/AndroidManifest.xml:16:9-65
38        android:debuggable="true"
39        android:extractNativeLibs="false"
39-->INJECTED
40        android:fullBackupContent="@xml/backup_rules"
40-->src/main/AndroidManifest.xml:17:9-54
41        android:icon="@mipmap/ic_launcher"
41-->src/main/AndroidManifest.xml:18:9-43
42        android:label="@string/app_name"
42-->src/main/AndroidManifest.xml:19:9-41
43        android:roundIcon="@mipmap/ic_launcher_round"
43-->src/main/AndroidManifest.xml:20:9-54
44        android:supportsRtl="true"
44-->src/main/AndroidManifest.xml:21:9-35
45        android:testOnly="true"
46        android:theme="@style/Theme.VerseFlow" >
46-->src/main/AndroidManifest.xml:22:9-47
47        <meta-data
47-->src/main/AndroidManifest.xml:23:9-25:59
48            android:name="com.google.android.gms.car.application"
48-->src/main/AndroidManifest.xml:24:13-66
49            android:resource="@xml/automotive_app_desc" />
49-->src/main/AndroidManifest.xml:25:13-56
50        <meta-data
50-->src/main/AndroidManifest.xml:26:9-28:33
51            android:name="androidx.car.app.minCarApiLevel"
51-->src/main/AndroidManifest.xml:27:13-59
52            android:value="8" />
52-->src/main/AndroidManifest.xml:28:13-30
53
54        <activity
54-->src/main/AndroidManifest.xml:30:9-39:20
55            android:name="com.example.verseflow.MainActivity"
55-->src/main/AndroidManifest.xml:31:13-41
56            android:exported="true"
56-->src/main/AndroidManifest.xml:32:13-36
57            android:theme="@style/Theme.VerseFlow" >
57-->src/main/AndroidManifest.xml:33:13-51
58            <intent-filter>
58-->src/main/AndroidManifest.xml:34:13-38:29
59                <action android:name="android.intent.action.MAIN" />
59-->src/main/AndroidManifest.xml:35:17-69
59-->src/main/AndroidManifest.xml:35:25-66
60
61                <category android:name="android.intent.category.LAUNCHER" />
61-->src/main/AndroidManifest.xml:37:17-77
61-->src/main/AndroidManifest.xml:37:27-74
62            </intent-filter>
63        </activity>
64
65        <service
65-->src/main/AndroidManifest.xml:41:9-50:19
66            android:name="com.example.verseflow.VerseFlowPlaybackService"
66-->src/main/AndroidManifest.xml:42:13-53
67            android:exported="true"
67-->src/main/AndroidManifest.xml:43:13-36
68            android:foregroundServiceType="mediaPlayback" >
68-->src/main/AndroidManifest.xml:44:13-58
69            <intent-filter>
69-->src/main/AndroidManifest.xml:45:13-49:29
70                <action android:name="androidx.media3.session.MediaLibraryService" />
70-->src/main/AndroidManifest.xml:46:17-86
70-->src/main/AndroidManifest.xml:46:25-83
71                <action android:name="androidx.media3.session.MediaSessionService" />
71-->src/main/AndroidManifest.xml:47:17-86
71-->src/main/AndroidManifest.xml:47:25-83
72                <action android:name="android.media.browse.MediaBrowserService" />
72-->src/main/AndroidManifest.xml:48:17-83
72-->src/main/AndroidManifest.xml:48:25-80
73            </intent-filter>
74        </service>
75        <service
75-->src/main/AndroidManifest.xml:52:9-59:19
76            android:name="com.example.verseflow.auto.VerseFlowCarAppService"
76-->src/main/AndroidManifest.xml:53:13-56
77            android:exported="true" >
77-->src/main/AndroidManifest.xml:54:13-36
78            <intent-filter>
78-->src/main/AndroidManifest.xml:55:13-58:29
79                <action android:name="androidx.car.app.CarAppService" />
79-->src/main/AndroidManifest.xml:56:17-73
79-->src/main/AndroidManifest.xml:56:25-70
80
81                <category android:name="androidx.car.app.category.MEDIA" />
81-->src/main/AndroidManifest.xml:57:17-76
81-->src/main/AndroidManifest.xml:57:27-73
82            </intent-filter>
83        </service>
84        <service
84-->[androidx.car.app:app-projected:1.7.0] AndroidManifest.xml:24:9-34:19
85            android:name="androidx.car.app.CarAppMetadataHolderService"
85-->[androidx.car.app:app-projected:1.7.0] AndroidManifest.xml:25:13-72
86            android:enabled="false"
86-->[androidx.car.app:app-projected:1.7.0] AndroidManifest.xml:26:13-36
87            android:exported="false"
87-->[androidx.car.app:app-projected:1.7.0] AndroidManifest.xml:27:13-37
88            android:process="" >
88-->[androidx.car.app:app-projected:1.7.0] AndroidManifest.xml:28:13-31
89            <meta-data
89-->[androidx.car.app:app-projected:1.7.0] AndroidManifest.xml:31:13-33:89
90                android:name="androidx.car.app.CarAppMetadataHolderService.CAR_HARDWARE_MANAGER"
90-->[androidx.car.app:app-projected:1.7.0] AndroidManifest.xml:32:17-97
91                android:value="androidx.car.app.hardware.ProjectedCarHardwareManager" />
91-->[androidx.car.app:app-projected:1.7.0] AndroidManifest.xml:33:17-86
92        </service>
93
94        <activity
94-->[androidx.car.app:app:1.7.0] AndroidManifest.xml:31:9-34:75
95            android:name="androidx.car.app.CarAppPermissionActivity"
95-->[androidx.car.app:app:1.7.0] AndroidManifest.xml:32:13-69
96            android:exported="false"
96-->[androidx.car.app:app:1.7.0] AndroidManifest.xml:33:13-37
97            android:theme="@android:style/Theme.Translucent.NoTitleBar" />
97-->[androidx.car.app:app:1.7.0] AndroidManifest.xml:34:13-72
98
99        <receiver
99-->[androidx.car.app:app:1.7.0] AndroidManifest.xml:36:9-38:40
100            android:name="androidx.car.app.notification.CarAppNotificationBroadcastReceiver"
100-->[androidx.car.app:app:1.7.0] AndroidManifest.xml:37:13-93
101            android:exported="false" />
101-->[androidx.car.app:app:1.7.0] AndroidManifest.xml:38:13-37
102
103        <activity
103-->[androidx.compose.ui:ui-tooling-android:1.9.2] AndroidManifest.xml:23:9-25:39
104            android:name="androidx.compose.ui.tooling.PreviewActivity"
104-->[androidx.compose.ui:ui-tooling-android:1.9.2] AndroidManifest.xml:24:13-71
105            android:exported="true" />
105-->[androidx.compose.ui:ui-tooling-android:1.9.2] AndroidManifest.xml:25:13-36
106
107        <provider
107-->[androidx.emoji2:emoji2:1.4.0] AndroidManifest.xml:24:9-32:20
108            android:name="androidx.startup.InitializationProvider"
108-->[androidx.emoji2:emoji2:1.4.0] AndroidManifest.xml:25:13-67
109            android:authorities="com.example.verseflow.androidx-startup"
109-->[androidx.emoji2:emoji2:1.4.0] AndroidManifest.xml:26:13-68
110            android:exported="false" >
110-->[androidx.emoji2:emoji2:1.4.0] AndroidManifest.xml:27:13-37
111            <meta-data
111-->[androidx.emoji2:emoji2:1.4.0] AndroidManifest.xml:29:13-31:52
112                android:name="androidx.emoji2.text.EmojiCompatInitializer"
112-->[androidx.emoji2:emoji2:1.4.0] AndroidManifest.xml:30:17-75
113                android:value="androidx.startup" />
113-->[androidx.emoji2:emoji2:1.4.0] AndroidManifest.xml:31:17-49
114            <meta-data
114-->[androidx.lifecycle:lifecycle-process:2.9.4] AndroidManifest.xml:29:13-31:52
115                android:name="androidx.lifecycle.ProcessLifecycleInitializer"
115-->[androidx.lifecycle:lifecycle-process:2.9.4] AndroidManifest.xml:30:17-78
116                android:value="androidx.startup" />
116-->[androidx.lifecycle:lifecycle-process:2.9.4] AndroidManifest.xml:31:17-49
117            <meta-data
117-->[androidx.profileinstaller:profileinstaller:1.4.0] AndroidManifest.xml:29:13-31:52
118                android:name="androidx.profileinstaller.ProfileInstallerInitializer"
118-->[androidx.profileinstaller:profileinstaller:1.4.0] AndroidManifest.xml:30:17-85
119                android:value="androidx.startup" />
119-->[androidx.profileinstaller:profileinstaller:1.4.0] AndroidManifest.xml:31:17-49
120        </provider>
121
122        <receiver
122-->[androidx.profileinstaller:profileinstaller:1.4.0] AndroidManifest.xml:34:9-52:20
123            android:name="androidx.profileinstaller.ProfileInstallReceiver"
123-->[androidx.profileinstaller:profileinstaller:1.4.0] AndroidManifest.xml:35:13-76
124            android:directBootAware="false"
124-->[androidx.profileinstaller:profileinstaller:1.4.0] AndroidManifest.xml:36:13-44
125            android:enabled="true"
125-->[androidx.profileinstaller:profileinstaller:1.4.0] AndroidManifest.xml:37:13-35
126            android:exported="true"
126-->[androidx.profileinstaller:profileinstaller:1.4.0] AndroidManifest.xml:38:13-36
127            android:permission="android.permission.DUMP" >
127-->[androidx.profileinstaller:profileinstaller:1.4.0] AndroidManifest.xml:39:13-57
128            <intent-filter>
128-->[androidx.profileinstaller:profileinstaller:1.4.0] AndroidManifest.xml:40:13-42:29
129                <action android:name="androidx.profileinstaller.action.INSTALL_PROFILE" />
129-->[androidx.profileinstaller:profileinstaller:1.4.0] AndroidManifest.xml:41:17-91
129-->[androidx.profileinstaller:profileinstaller:1.4.0] AndroidManifest.xml:41:25-88
130            </intent-filter>
131            <intent-filter>
131-->[androidx.profileinstaller:profileinstaller:1.4.0] AndroidManifest.xml:43:13-45:29
132                <action android:name="androidx.profileinstaller.action.SKIP_FILE" />
132-->[androidx.profileinstaller:profileinstaller:1.4.0] AndroidManifest.xml:44:17-85
132-->[androidx.profileinstaller:profileinstaller:1.4.0] AndroidManifest.xml:44:25-82
133            </intent-filter>
134            <intent-filter>
134-->[androidx.profileinstaller:profileinstaller:1.4.0] AndroidManifest.xml:46:13-48:29
135                <action android:name="androidx.profileinstaller.action.SAVE_PROFILE" />
135-->[androidx.profileinstaller:profileinstaller:1.4.0] AndroidManifest.xml:47:17-88
135-->[androidx.profileinstaller:profileinstaller:1.4.0] AndroidManifest.xml:47:25-85
136            </intent-filter>
137            <intent-filter>
137-->[androidx.profileinstaller:profileinstaller:1.4.0] AndroidManifest.xml:49:13-51:29
138                <action android:name="androidx.profileinstaller.action.BENCHMARK_OPERATION" />
138-->[androidx.profileinstaller:profileinstaller:1.4.0] AndroidManifest.xml:50:17-95
138-->[androidx.profileinstaller:profileinstaller:1.4.0] AndroidManifest.xml:50:25-92
139            </intent-filter>
140        </receiver>
141    </application>
142
143</manifest>